20250307 142827.583 INFO             PET0 !!!!!!!!!!!!!!!!!!!!!!!!!!!!!!!!!!!!!!!!!!!!!!!!!!!!!!
20250307 142827.583 INFO             PET0 !!! THE ESMF_LOG IS SET TO OUTPUT ALL LOG MESSAGES !!!
20250307 142827.583 INFO             PET0 !!!     THIS MAY CAUSE SLOWDOWN IN PERFORMANCE     !!!
20250307 142827.583 INFO             PET0 !!! FOR PRODUCTION RUNS, USE:                      !!!
20250307 142827.583 INFO             PET0 !!!                   ESMF_LOGKIND_Multi_On_Error  !!!
20250307 142827.583 INFO             PET0 !!!!!!!!!!!!!!!!!!!!!!!!!!!!!!!!!!!!!!!!!!!!!!!!!!!!!!
20250307 142827.583 INFO             PET0 Running with ESMF Version   : 8.1.1
20250307 142827.583 INFO             PET0 ESMF library build date/time: "Sep  2 2021" "00:59:53"
20250307 142827.583 INFO             PET0 ESMF library build location : /home/conda/feedstock_root/build_artifacts/esmf_1630543506480/work
20250307 142827.583 INFO             PET0 ESMF_COMM                   : mpich3
20250307 142827.584 INFO             PET0 ESMF_MOAB                   : enabled
20250307 142827.584 INFO             PET0 ESMF_LAPACK                 : enabled
20250307 142827.584 INFO             PET0 ESMF_NETCDF                 : enabled
20250307 142827.584 INFO             PET0 ESMF_PNETCDF                : disabled
20250307 142827.584 INFO             PET0 ESMF_PIO                    : enabled
20250307 142827.584 INFO             PET0 ESMF_YAMLCPP                : enabled
20250307 142829.563 INFO             PET0 Finalizing ESMF
20250307 170627.146 INFO             PET0 !!!!!!!!!!!!!!!!!!!!!!!!!!!!!!!!!!!!!!!!!!!!!!!!!!!!!!
20250307 170627.146 INFO             PET0 !!! THE ESMF_LOG IS SET TO OUTPUT ALL LOG MESSAGES !!!
20250307 170627.146 INFO             PET0 !!!     THIS MAY CAUSE SLOWDOWN IN PERFORMANCE     !!!
20250307 170627.146 INFO             PET0 !!! FOR PRODUCTION RUNS, USE:                      !!!
20250307 170627.146 INFO             PET0 !!!                   ESMF_LOGKIND_Multi_On_Error  !!!
20250307 170627.146 INFO             PET0 !!!!!!!!!!!!!!!!!!!!!!!!!!!!!!!!!!!!!!!!!!!!!!!!!!!!!!
20250307 170627.146 INFO             PET0 Running with ESMF Version   : 8.1.1
20250307 170627.146 INFO             PET0 ESMF library build date/time: "Sep  2 2021" "00:59:53"
20250307 170627.146 INFO             PET0 ESMF library build location : /home/conda/feedstock_root/build_artifacts/esmf_1630543506480/work
20250307 170627.146 INFO             PET0 ESMF_COMM                   : mpich3
20250307 170627.150 INFO             PET0 ESMF_MOAB                   : enabled
20250307 170627.150 INFO             PET0 ESMF_LAPACK                 : enabled
20250307 170627.150 INFO             PET0 ESMF_NETCDF                 : enabled
20250307 170627.150 INFO             PET0 ESMF_PNETCDF                : disabled
20250307 170627.150 INFO             PET0 ESMF_PIO                    : enabled
20250307 170627.150 INFO             PET0 ESMF_YAMLCPP                : enabled
20250307 170930.571 INFO             PET0 Finalizing ESMF
!!!!!!!!!!!!!!!!!!!!!!!!!!!!!!!!!!!!!!
20250307 170815.917 INFO             PET0 !!! THE ESMF_LOG IS SET TO OUTPUT ALL LOG MESSAGES !!!
20250307 170815.917 INFO             PET0 !!!     THIS MAY CAUSE SLOWDOWN IN PERFORMANCE     !!!
20250307 170815.917 INFO             PET0 !!! FOR PRODUCTION RUNS, USE:                      !!!
20250307 170815.917 INFO             PET0 !!!                   ESMF_LOGKIND_Multi_On_Error  !!!
20250307 170815.917 INFO             PET0 !!!!!!!!!!!!!!!!!!!!!!!!!!!!!!!!!!!!!!!!!!!!!!!!!!!!!!
20250307 170815.917 INFO             PET0 Running with ESMF Version   : 8.1.1
20250307 170815.917 INFO             PET0 ESMF library build date/time: "Sep  2 2021" "00:59:53"
20250307 170815.917 INFO             PET0 ESMF library build location : /home/conda/feedstock_root/build_artifacts/esmf_1630543506480/work
20250307 170815.917 INFO             PET0 ESMF_COMM                   : mpich3
20250307 170815.917 INFO             PET0 ESMF_MOAB                   : enabled
20250307 170815.917 INFO             PET0 ESMF_LAPACK                 : enabled
20250307 170815.917 INFO             PET0 ESMF_NETCDF                 : enabled
20250307 170815.917 INFO             PET0 ESMF_PNETCDF                : disabled
20250307 170815.917 INFO             PET0 ESMF_PIO                    : enabled
20250307 170815.917 INFO             PET0 ESMF_YAMLCPP                : enabled
20250307 170820.509 INFO             PET0 Finalizing ESMF
20250310 115657.649 INFO             PET0 !!!!!!!!!!!!!!!!!!!!!!!!!!!!!!!!!!!!!!!!!!!!!!!!!!!!!!
20250310 115657.649 INFO             PET0 !!! THE ESMF_LOG IS SET TO OUTPUT ALL LOG MESSAGES !!!
20250310 115657.649 INFO             PET0 !!!     THIS MAY CAUSE SLOWDOWN IN PERFORMANCE     !!!
20250310 115657.649 INFO             PET0 !!! FOR PRODUCTION RUNS, USE:                      !!!
20250310 115657.649 INFO             PET0 !!!                   ESMF_LOGKIND_Multi_On_Error  !!!
20250310 115657.649 INFO             PET0 !!!!!!!!!!!!!!!!!!!!!!!!!!!!!!!!!!!!!!!!!!!!!!!!!!!!!!
20250310 115657.649 INFO             PET0 Running with ESMF Version   : 8.1.1
20250310 115657.649 INFO             PET0 ESMF library build date/time: "Sep  2 2021" "00:59:53"
20250310 115657.649 INFO             PET0 ESMF library build location : /home/conda/feedstock_root/build_artifacts/esmf_1630543506480/work
20250310 115657.649 INFO             PET0 ESMF_COMM                   : mpich3
20250310 115658.014 INFO             PET0 ESMF_MOAB                   : enabled
20250310 115658.014 INFO             PET0 ESMF_LAPACK                 : enabled
20250310 115658.014 INFO             PET0 ESMF_NETCDF                 : enabled
20250310 115658.014 INFO             PET0 ESMF_PNETCDF                : disabled
20250310 115658.014 INFO             PET0 ESMF_PIO                    : enabled
20250310 115658.014 INFO             PET0 ESMF_YAMLCPP                : enabled
20250310 115701.152 INFO             PET0 Finalizing ESMF
